This is pdfTeX, Version 3.14159265-2.6-1.40.20 (TeX Live 2019) (preloaded format=pdflatex 2019.6.22)  19 NOV 2019 15:25
entering extended mode
 restricted \write18 enabled.
 %&-line parsing enabled.
**I_Residencial.tex
(./I_Residencial.tex
LaTeX2e <2018-12-01>
! Undefined control sequence.
l.1 \subsection
               {Autonomia do investimento residencial}
The control sequence at the end of the top line
of your error message was never \def'ed. If you have
misspelled it (e.g., `\hobx'), type `I' and the correct
spelling (e.g., `I\hbox'). Otherwise just continue,
and I'll forget about whatever was undefined.


! LaTeX Error: Missing \begin{document}.

See the LaTeX manual or LaTeX Companion for explanation.
Type  H <return>  for immediate help.
 ...                                              
                                                  
l.1 \subsection{A
                 utonomia do investimento residencial}
You're in trouble here.  Try typing  <return>  to proceed.
If that doesn't work, type  X <return>  to quit.

Missing character: There is no A in font nullfont!
Missing character: There is no u in font nullfont!
Missing character: There is no t in font nullfont!
Missing character: There is no o in font nullfont!
Missing character: There is no n in font nullfont!
Missing character: There is no o in font nullfont!
Missing character: There is no m in font nullfont!
Missing character: There is no i in font nullfont!
Missing character: There is no a in font nullfont!
Missing character: There is no d in font nullfont!
Missing character: There is no o in font nullfont!
Missing character: There is no i in font nullfont!
Missing character: There is no n in font nullfont!
Missing character: There is no v in font nullfont!
Missing character: There is no e in font nullfont!
Missing character: There is no s in font nullfont!
Missing character: There is no t in font nullfont!
Missing character: There is no i in font nullfont!
Missing character: There is no m in font nullfont!
Missing character: There is no e in font nullfont!
Missing character: There is no n in font nullfont!
Missing character: There is no t in font nullfont!
Missing character: There is no o in font nullfont!
Missing character: There is no r in font nullfont!
Missing character: There is no e in font nullfont!
Missing character: There is no s in font nullfont!
Missing character: There is no i in font nullfont!
Missing character: There is no d in font nullfont!
Missing character: There is no e in font nullfont!
Missing character: There is no n in font nullfont!
Missing character: There is no c in font nullfont!
Missing character: There is no i in font nullfont!
Missing character: There is no a in font nullfont!
Missing character: There is no l in font nullfont!

Overfull \hbox (20.0pt too wide) in paragraph at lines 1--3
[]
 []


! LaTeX Error: Missing \begin{document}.

See the LaTeX manual or LaTeX Companion for explanation.
Type  H <return>  for immediate help.
 ...                                              
                                                  
l.4 O
      objetivo desta se√ß√£o √© apresentar a teorias em torno do investiment...

You're in trouble here.  Try typing  <return>  to proceed.
If that doesn't work, type  X <return>  to quit.

Missing character: There is no O in font nullfont!
Missing character: There is no o in font nullfont!
Missing character: There is no b in font nullfont!
Missing character: There is no j in font nullfont!
Missing character: There is no e in font nullfont!
Missing character: There is no t in font nullfont!
Missing character: There is no i in font nullfont!
Missing character: There is no v in font nullfont!
Missing character: There is no o in font nullfont!
Missing character: There is no d in font nullfont!
Missing character: There is no e in font nullfont!
Missing character: There is no s in font nullfont!
Missing character: There is no t in font nullfont!
Missing character: There is no a in font nullfont!
Missing character: There is no s in font nullfont!
Missing character: There is no e in font nullfont!
LaTeX Font Info:    Try loading font information for +cmr on input line 4.
LaTeX Font Info:    No file cmr.fd. on input line 4.

LaTeX Font Warning: Font shape `/cmr/m/n' undefined
(Font)              using `/cmr/m/n' instead on input line 4.

! Corrupted NFSS tables.
wrong@fontshape ...message {Corrupted NFSS tables}
                                                  error@fontshape else let f...
l.4 O objetivo desta se√ß
                         √£o √© apresentar a teorias em torno do investiment...
This error message was generated by an \errmessage
command, so I can't give any explicit help.
Pretend that you're Hercule Poirot: Examine all clues,
and deduce the truth by order and method.


LaTeX Font Warning: Font shape `/cmr/m/n' undefined
(Font)              using `OT1/cmr/m/n' instead on input line 4.

Missing character: There is no o in font nullfont!
Missing character: There is no a in font nullfont!
Missing character: There is no p in font nullfont!
Missing character: There is no r in font nullfont!
Missing character: There is no e in font nullfont!
Missing character: There is no s in font nullfont!
Missing character: There is no e in font nullfont!
Missing character: There is no n in font nullfont!
Missing character: There is no t in font nullfont!
Missing character: There is no a in font nullfont!
Missing character: There is no r in font nullfont!
Missing character: There is no a in font nullfont!
Missing character: There is no t in font nullfont!
Missing character: There is no e in font nullfont!
Missing character: There is no o in font nullfont!
Missing character: There is no r in font nullfont!
Missing character: There is no i in font nullfont!
Missing character: There is no a in font nullfont!
Missing character: There is no s in font nullfont!
Missing character: There is no e in font nullfont!
Missing character: There is no m in font nullfont!
Missing character: There is no t in font nullfont!
Missing character: There is no o in font nullfont!
Missing character: There is no r in font nullfont!
Missing character: There is no n in font nullfont!
Missing character: There is no o in font nullfont!
Missing character: There is no d in font nullfont!
Missing character: There is no o in font nullfont!
Missing character: There is no i in font nullfont!
Missing character: There is no n in font nullfont!
Missing character: There is no v in font nullfont!
Missing character: There is no e in font nullfont!
Missing character: There is no s in font nullfont!
Missing character: There is no t in font nullfont!
Missing character: There is no i in font nullfont!
Missing character: There is no m in font nullfont!
Missing character: There is no e in font nullfont!
Missing character: There is no n in font nullfont!
Missing character: There is no t in font nullfont!
Missing character: There is no o in font nullfont!
Missing character: There is no r in font nullfont!
Missing character: There is no e in font nullfont!
Missing character: There is no s in font nullfont!
Missing character: There is no i in font nullfont!
Missing character: There is no d in font nullfont!
Missing character: There is no e in font nullfont!
Missing character: There is no n in font nullfont!
Missing character: There is no c in font nullfont!
Missing character: There is no i in font nullfont!
Missing character: There is no a in font nullfont!
Missing character: There is no l in font nullfont!
Missing character: There is no d in font nullfont!
Missing character: There is no a in font nullfont!
Missing character: There is no n in font nullfont!
Missing character: There is no d in font nullfont!
Missing character: There is no o in font nullfont!
Missing character: There is no n in font nullfont!
Missing character: There is no f in font nullfont!
Missing character: There is no a in font nullfont!
Missing character: There is no s in font nullfont!
Missing character: There is no e in font nullfont!
Missing character: There is no s in font nullfont!
Missing character: There is no u in font nullfont!
Missing character: There is no a in font nullfont!
Missing character: There is no a in font nullfont!
Missing character: There is no u in font nullfont!
Missing character: There is no t in font nullfont!
Missing character: There is no o in font nullfont!
Missing character: There is no n in font nullfont!
Missing character: There is no o in font nullfont!
Missing character: There is no m in font nullfont!
Missing character: There is no i in font nullfont!
Missing character: There is no a in font nullfont!
Missing character: There is no ( in font nullfont!
Missing character: There is no o in font nullfont!
Missing character: There is no u in font nullfont!
Missing character: There is no n in font nullfont!
Missing character: There is no o in font nullfont!
Missing character: There is no ) in font nullfont!
Missing character: There is no e in font nullfont!
Missing character: There is no m in font nullfont!
Missing character: There is no r in font nullfont!
Missing character: There is no e in font nullfont!
Missing character: There is no l in font nullfont!
Missing character: There is no a in font nullfont!
Missing character: There is no o in font nullfont!
Missing character: There is no a in font nullfont!
Missing character: There is no o in font nullfont!
Missing character: There is no c in font nullfont!
Missing character: There is no i in font nullfont!
Missing character: There is no c in font nullfont!
Missing character: There is no l in font nullfont!
Missing character: There is no o in font nullfont!
Missing character: There is no e in font nullfont!
Missing character: There is no c in font nullfont!
Missing character: There is no o in font nullfont!
Missing character: There is no n in font nullfont!
Missing character: There is no m in font nullfont!
Missing character: There is no i in font nullfont!
Missing character: There is no c in font nullfont!
Missing character: There is no o in font nullfont!
Missing character: There is no . in font nullfont!
Missing character: There is no A in font nullfont!
Missing character: There is no n in font nullfont!
Missing character: There is no t in font nullfont!
Missing character: There is no e in font nullfont!
Missing character: There is no s in font nullfont!
Missing character: There is no d in font nullfont!
Missing character: There is no e in font nullfont!
Missing character: There is no a in font nullfont!
Missing character: There is no v in font nullfont!
Missing character: There is no a in font nullfont!
Missing character: There is no n in font nullfont!
Missing character: There is no a in font nullfont!
Missing character: There is no r in font nullfont!
Missing character: There is no , in font nullfont!
Missing character: There is no d in font nullfont!
Missing character: There is no e in font nullfont!
Missing character: There is no s in font nullfont!
Missing character: There is no t in font nullfont!
Missing character: There is no a in font nullfont!
Missing character: There is no c in font nullfont!
Missing character: There is no a in font nullfont!
Missing character: There is no - in font nullfont!
Missing character: There is no s in font nullfont!
Missing character: There is no e in font nullfont!
Missing character: There is no a in font nullfont!
Missing character: There is no t in font nullfont!
Missing character: There is no e in font nullfont!
Missing character: There is no n in font nullfont!
Missing character: There is no t in font nullfont!
Missing character: There is no a in font nullfont!
Missing character: There is no t in font nullfont!
Missing character: There is no i in font nullfont!
Missing character: There is no v in font nullfont!
Missing character: There is no a in font nullfont!
Missing character: There is no d in font nullfont!
Missing character: There is no e in font nullfont!
Missing character: There is no t in font nullfont!
Missing character: There is no r in font nullfont!
Missing character: There is no a in font nullfont!
Missing character: There is no t in font nullfont!
Missing character: There is no a in font nullfont!
Missing character: There is no r in font nullfont!
Missing character: There is no e in font nullfont!
Missing character: There is no s in font nullfont!
Missing character: There is no t in font nullfont!
Missing character: There is no e in font nullfont!
Missing character: There is no c in font nullfont!
Missing character: There is no o in font nullfont!
Missing character: There is no m in font nullfont!
Missing character: There is no p in font nullfont!
Missing character: There is no o in font nullfont!
Missing character: There is no n in font nullfont!
Missing character: There is no e in font nullfont!
Missing character: There is no n in font nullfont!
Missing character: There is no t in font nullfont!
Missing character: There is no e in font nullfont!
Missing character: There is no d in font nullfont!
Missing character: There is no a in font nullfont!
Missing character: There is no d in font nullfont!
Missing character: There is no e in font nullfont!
Missing character: There is no m in font nullfont!
Missing character: There is no a in font nullfont!
Missing character: There is no n in font nullfont!
Missing character: There is no d in font nullfont!
Missing character: There is no a in font nullfont!
Missing character: There is no a in font nullfont!
Missing character: There is no g in font nullfont!
Missing character: There is no r in font nullfont!
Missing character: There is no e in font nullfont!
Missing character: There is no g in font nullfont!
Missing character: There is no a in font nullfont!
Missing character: There is no d in font nullfont!
Missing character: There is no a in font nullfont!
Missing character: There is no e in font nullfont!
Missing character: There is no m in font nullfont!
Missing character: There is no t in font nullfont!
Missing character: There is no e in font nullfont!
Missing character: There is no r in font nullfont!
Missing character: There is no m in font nullfont!
Missing character: There is no o in font nullfont!
Missing character: There is no s in font nullfont!
Missing character: There is no t in font nullfont!
Missing character: There is no e in font nullfont!
Missing character: There is no r in font nullfont!
Missing character: There is no i in font nullfont!
Missing character: There is no c in font nullfont!
Missing character: There is no o in font nullfont!
Missing character: There is no s in font nullfont!
Missing character: There is no u in font nullfont!
Missing character: There is no m in font nullfont!
Missing character: There is no a in font nullfont!
Missing character: There is no v in font nullfont!
Missing character: There is no e in font nullfont!
Missing character: There is no z in font nullfont!
Missing character: There is no q in font nullfont!
Missing character: There is no u in font nullfont!
Missing character: There is no e in font nullfont!
Missing character: There is no a in font nullfont!
Missing character: There is no d in font nullfont!
Missing character: There is no i in font nullfont!
Missing character: There is no s in font nullfont!
Missing character: There is no c in font nullfont!
Missing character: There is no u in font nullfont!
Missing character: There is no s in font nullfont!
Missing character: There is no s in font nullfont!
Missing character: There is no o in font nullfont!
Missing character: There is no e in font nullfont!
Missing character: There is no m in font nullfont!
Missing character: There is no p in font nullfont!
Missing character: There is no r in font nullfont!
Missing character: There is no i in font nullfont!
Missing character: There is no c in font nullfont!
Missing character: There is no a in font nullfont!
Missing character: There is no s in font nullfont!
Missing character: There is no e in font nullfont!
Missing character: There is no r in font nullfont!
Missing character: There is no e in font nullfont!
Missing character: There is no n in font nullfont!
Missing character: There is no d in font nullfont!
Missing character: There is no e in font nullfont!
Missing character: There is no r in font nullfont!
Missing character: There is no e in font nullfont!
Missing character: There is no a in font nullfont!
Missing character: There is no d in font nullfont!
Missing character: There is no a in font nullfont!
Missing character: There is no n in font nullfont!
Missing character: There is no o in font nullfont!
Missing character: There is no c in font nullfont!
Missing character: There is no a in font nullfont!
Missing character: There is no p in font nullfont!
Missing character: There is no t in font nullfont!
Missing character: There is no u in font nullfont!
Missing character: There is no l in font nullfont!
Missing character: There is no o in font nullfont!
Missing character: There is no s in font nullfont!
Missing character: There is no e in font nullfont!
Missing character: There is no g in font nullfont!
Missing character: There is no u in font nullfont!
Missing character: There is no i in font nullfont!
Missing character: There is no n in font nullfont!
Missing character: There is no t in font nullfont!
Missing character: There is no e in font nullfont!
Missing character: There is no . in font nullfont!
Missing character: There is no S in font nullfont!
Missing character: There is no e in font nullfont!
Missing character: There is no n in font nullfont!
Missing character: There is no d in font nullfont!
Missing character: There is no o in font nullfont!
Missing character: There is no a in font nullfont!
Missing character: There is no s in font nullfont!
Missing character: There is no s in font nullfont!
Missing character: There is no i in font nullfont!
Missing character: There is no m in font nullfont!
Missing character: There is no , in font nullfont!
Missing character: There is no f in font nullfont!
Missing character: There is no e in font nullfont!
Missing character: There is no i in font nullfont!
Missing character: There is no t in font nullfont!
Missing character: There is no o in font nullfont!
Missing character: There is no u in font nullfont!
Missing character: There is no m in font nullfont!
Missing character: There is no b in font nullfont!
Missing character: There is no r in font nullfont!
Missing character: There is no e in font nullfont!
Missing character: There is no v in font nullfont!
Missing character: There is no e in font nullfont!
Missing character: There is no m in font nullfont!
Missing character: There is no a in font nullfont!
Missing character: There is no p in font nullfont!
Missing character: There is no e in font nullfont!
Missing character: There is no a in font nullfont!
Missing character: There is no m in font nullfont!
Missing character: There is no e in font nullfont!
Missing character: There is no n in font nullfont!
Missing character: There is no t in font nullfont!
Missing character: There is no o in font nullfont!
Missing character: There is no t in font nullfont!
Missing character: There is no a in font nullfont!
Missing character: There is no n in font nullfont!
Missing character: There is no t in font nullfont!
Missing character: There is no o in font nullfont!
Missing character: There is no d in font nullfont!
Missing character: There is no a in font nullfont!
Missing character: There is no o in font nullfont!
Missing character: There is no r in font nullfont!
Missing character: There is no t in font nullfont!
Missing character: There is no o in font nullfont!
Missing character: There is no d in font nullfont!
Missing character: There is no o in font nullfont!
Missing character: There is no x in font nullfont!
Missing character: There is no i in font nullfont!
Missing character: There is no a in font nullfont!
Missing character: There is no q in font nullfont!
Missing character: There is no u in font nullfont!
Missing character: There is no a in font nullfont!
Missing character: There is no n in font nullfont!
Missing character: There is no t in font nullfont!
Missing character: There is no o in font nullfont!
Missing character: There is no d in font nullfont!
Missing character: There is no a in font nullfont!
Missing character: There is no h in font nullfont!
Missing character: There is no e in font nullfont!
Missing character: There is no t in font nullfont!
Missing character: There is no e in font nullfont!
Missing character: There is no r in font nullfont!
Missing character: There is no o in font nullfont!
Missing character: There is no d in font nullfont!
Missing character: There is no o in font nullfont!
Missing character: There is no x in font nullfont!
Missing character: There is no i in font nullfont!
Missing character: There is no a in font nullfont!
Missing character: There is no a in font nullfont!
Missing character: There is no r in font nullfont!
Missing character: There is no e in font nullfont!
Missing character: There is no s in font nullfont!
Missing character: There is no p in font nullfont!
Missing character: There is no e in font nullfont!
Missing character: There is no i in font nullfont!
Missing character: There is no t in font nullfont!
Missing character: There is no o in font nullfont!
Missing character: There is no d in font nullfont!
Missing character: There is no o in font nullfont!
Missing character: There is no t in font nullfont!
Missing character: There is no e in font nullfont!
Missing character: There is no m in font nullfont!
Missing character: There is no a in font nullfont!
Missing character: There is no . in font nullfont!

Overfull \hbox (20.0pt too wide) in paragraph at lines 4--6
[]
 []


Overfull \hbox (13.8889pt too wide) in paragraph at lines 4--6
\/cmr/m/n/10 ^^Xc~a
 []


Overfull \hbox (4.44444pt too wide) in paragraph at lines 4--6
\/cmr/m/n/10 ^^Se
 []


Overfull \hbox (4.44444pt too wide) in paragraph at lines 4--6
\/cmr/m/n/10 ^e
 []


Overfull \hbox (5.00002pt too wide) in paragraph at lines 4--6
\/cmr/m/n/10 ^^Ra
 []


Overfull \hbox (5.00002pt too wide) in paragraph at lines 4--6
\/cmr/m/n/10 ~a
 []


Overfull \hbox (9.44446pt too wide) in paragraph at lines 4--6
\/cmr/m/n/10 ^^Xc~a
 []


Overfull \hbox (5.00002pt too wide) in paragraph at lines 4--6
\/cmr/m/n/10 ^o
 []


Overfull \hbox (4.44444pt too wide) in paragraph at lines 4--6
\/cmr/m/n/10 ^^Xc
 []


Overfull \hbox (5.00002pt too wide) in paragraph at lines 4--6
\/cmr/m/n/10 ^^So
 []


Overfull \hbox (5.00002pt too wide) in paragraph at lines 4--6
\/cmr/m/n/10 ~a
 []


Overfull \hbox (2.77779pt too wide) in paragraph at lines 4--6
\/cmr/m/n/10 ^^S^^P
 []


Overfull \hbox (5.00002pt too wide) in paragraph at lines 4--6
\/cmr/m/n/10 ^^Sa
 []


Overfull \hbox (4.44444pt too wide) in paragraph at lines 4--6
\/cmr/m/n/10 ^^Xc
 []


Overfull \hbox (2.77779pt too wide) in paragraph at lines 4--6
\/cmr/m/n/10 ^^S^^P
 []


Overfull \hbox (4.44444pt too wide) in paragraph at lines 4--6
\/cmr/m/n/10 ^^Se
 []


! LaTeX Error: Missing \begin{document}.

See the LaTeX manual or LaTeX Companion for explanation.
Type  H <return>  for immediate help.
 ...                                              
                                                  
l.9 I
     NVESTIMENTO RESIDENCIAL E DESENVOLVIMENTO
You're in trouble here.  Try typing  <return>  to proceed.
If that doesn't work, type  X <return>  to quit.

Missing character: There is no I in font nullfont!
Missing character: There is no N in font nullfont!
Missing character: There is no V in font nullfont!
Missing character: There is no E in font nullfont!
Missing character: There is no S in font nullfont!
Missing character: There is no T in font nullfont!
Missing character: There is no I in font nullfont!
Missing character: There is no M in font nullfont!
Missing character: There is no E in font nullfont!
Missing character: There is no N in font nullfont!
Missing character: There is no T in font nullfont!
Missing character: There is no O in font nullfont!
Missing character: There is no R in font nullfont!
Missing character: There is no E in font nullfont!
Missing character: There is no S in font nullfont!
Missing character: There is no I in font nullfont!
Missing character: There is no D in font nullfont!
Missing character: There is no E in font nullfont!
Missing character: There is no N in font nullfont!
Missing character: There is no C in font nullfont!
Missing character: There is no I in font nullfont!
Missing character: There is no A in font nullfont!
Missing character: There is no L in font nullfont!
Missing character: There is no E in font nullfont!
Missing character: There is no D in font nullfont!
Missing character: There is no E in font nullfont!
Missing character: There is no S in font nullfont!
Missing character: There is no E in font nullfont!
Missing character: There is no N in font nullfont!
Missing character: There is no V in font nullfont!
Missing character: There is no O in font nullfont!
Missing character: There is no L in font nullfont!
Missing character: There is no V in font nullfont!
Missing character: There is no I in font nullfont!
Missing character: There is no M in font nullfont!
Missing character: There is no E in font nullfont!
Missing character: There is no N in font nullfont!
Missing character: There is no T in font nullfont!
Missing character: There is no O in font nullfont!

Overfull \hbox (20.0pt too wide) in paragraph at lines 9--10
[]
 []


! LaTeX Error: Missing \begin{document}.

See the LaTeX manual or LaTeX Companion for explanation.
Type  H <return>  for immediate help.
 ...                                              
                                                  
l.11 P
      or se tratar de um gasto n√£o criador de capacidade produtiva, o debat...

You're in trouble here.  Try typing  <return>  to proceed.
If that doesn't work, type  X <return>  to quit.

Missing character: There is no P in font nullfont!
Missing character: There is no o in font nullfont!
Missing character: There is no r in font nullfont!
Missing character: There is no s in font nullfont!
Missing character: There is no e in font nullfont!
Missing character: There is no t in font nullfont!
Missing character: There is no r in font nullfont!
Missing character: There is no a in font nullfont!
Missing character: There is no t in font nullfont!
Missing character: There is no a in font nullfont!
Missing character: There is no r in font nullfont!
Missing character: There is no d in font nullfont!
Missing character: There is no e in font nullfont!
Missing character: There is no u in font nullfont!
Missing character: There is no m in font nullfont!
Missing character: There is no g in font nullfont!
Missing character: There is no a in font nullfont!
Missing character: There is no s in font nullfont!
Missing character: There is no t in font nullfont!
Missing character: There is no o in font nullfont!
Missing character: There is no n in font nullfont!
Missing character: There is no o in font nullfont!
Missing character: There is no c in font nullfont!
Missing character: There is no r in font nullfont!
Missing character: There is no i in font nullfont!
Missing character: There is no a in font nullfont!
Missing character: There is no d in font nullfont!
Missing character: There is no o in font nullfont!
Missing character: There is no r in font nullfont!
Missing character: There is no d in font nullfont!
Missing character: There is no e in font nullfont!
Missing character: There is no c in font nullfont!
Missing character: There is no a in font nullfont!
Missing character: There is no p in font nullfont!
Missing character: There is no a in font nullfont!
Missing character: There is no c in font nullfont!
Missing character: There is no i in font nullfont!
Missing character: There is no d in font nullfont!
Missing character: There is no a in font nullfont!
Missing character: There is no d in font nullfont!
Missing character: There is no e in font nullfont!
Missing character: There is no p in font nullfont!
Missing character: There is no r in font nullfont!
Missing character: There is no o in font nullfont!
Missing character: There is no d in font nullfont!
Missing character: There is no u in font nullfont!
Missing character: There is no t in font nullfont!
Missing character: There is no i in font nullfont!
Missing character: There is no v in font nullfont!
Missing character: There is no a in font nullfont!
Missing character: There is no , in font nullfont!
Missing character: There is no o in font nullfont!
Missing character: There is no d in font nullfont!
Missing character: There is no e in font nullfont!
Missing character: There is no b in font nullfont!
Missing character: There is no a in font nullfont!
Missing character: There is no t in font nullfont!
Missing character: There is no e in font nullfont!
LaTeX Font Info:    External font `cmex10' loaded for size
(Font)              <7> on input line 11.
LaTeX Font Info:    External font `cmex10' loaded for size
(Font)              <5> on input line 11.
! Undefined control sequence.
\@footnotetext ...tins {\reset@font \footnotesize 
                                                  \interlinepenalty \interfo...
l.11 ...talhes, ver \textcite{arku_housing_2006}.}
                                                   se restringiu em categori...
The control sequence at the end of the top line
of your error message was never \def'ed. If you have
misspelled it (e.g., `\hobx'), type `I' and the correct
spelling (e.g., `I\hbox'). Otherwise just continue,
and I'll forget about whatever was undefined.

! Undefined control sequence.
\@footnotetext ...}\color@begingroup \@makefntext 
                                                  {\rule \z@ \footnotesep \i...
l.11 ...talhes, ver \textcite{arku_housing_2006}.}
                                                   se restringiu em categori...
The control sequence at the end of the top line
of your error message was never \def'ed. If you have
misspelled it (e.g., `\hobx'), type `I' and the correct
spelling (e.g., `I\hbox'). Otherwise just continue,
and I'll forget about whatever was undefined.

! Undefined control sequence.
<argument> Para mais detalhes, ver \textcite 
                                             {arku_housing_2006}.
l.11 ...talhes, ver \textcite{arku_housing_2006}.}
                                                   se restringiu em categori...
The control sequence at the end of the top line
of your error message was never \def'ed. If you have
misspelled it (e.g., `\hobx'), type `I' and the correct
spelling (e.g., `I\hbox'). Otherwise just continue,
and I'll forget about whatever was undefined.

! Missing $ inserted.
<inserted text> 
                $
l.11 ...talhes, ver \textcite{arku_housing_2006}.}
                                                   se restringiu em categori...
I've inserted a begin-math/end-math symbol since I think
you left one out. Proceed, with fingers crossed.

! Extra }, or forgotten $.
<argument> ...s, ver \textcite {arku_housing_2006}
                                                  .
l.11 ...talhes, ver \textcite{arku_housing_2006}.}
                                                   se restringiu em categori...
I've deleted a group-closing symbol because it seems to be
spurious, as in `$x}$'. But perhaps the } is legitimate and
you forgot something else, as in `\hbox{$x}'. In such cases
the way to recover is to insert both the forgotten and the
deleted material, e.g., by typing `I$}'.

! Extra }, or forgotten $.
<recently read> }
                 
l.11 ...talhes, ver \textcite{arku_housing_2006}.}
                                                   se restringiu em categori...
I've deleted a group-closing symbol because it seems to be
spurious, as in `$x}$'. But perhaps the } is legitimate and
you forgot something else, as in `\hbox{$x}'. In such cases
the way to recover is to insert both the forgotten and the
deleted material, e.g., by typing `I$}'.

! Extra }, or forgotten $.
\@footnotetext ...rut \strutbox }\color@endgroup }
                                                  
l.11 ...talhes, ver \textcite{arku_housing_2006}.}
                                                   se restringiu em categori...
I've deleted a group-closing symbol because it seems to be
spurious, as in `$x}$'. But perhaps the } is legitimate and
you forgot something else, as in `\hbox{$x}'. In such cases
the way to recover is to insert both the forgotten and the
deleted material, e.g., by typing `I$}'.


LaTeX Warning: Command \' invalid in math mode on input line 11.

! Please use \mathaccent for accents in math mode.
\add@accent ...@spacefactor \spacefactor }\accent 
                                                  #1 #2\egroup \spacefactor ...
l.11 ...using_2006}.} se restringiu em categoriz√°
                                                  -lo enquanto absorvedor de...
I'm changing \accent to \mathaccent here; wish me luck.
(Accents are not the same in formulas as they are in text.)

! You can't use `\spacefactor' in math mode.
\add@accent ...}\accent #1 #2\egroup \spacefactor 
                                                  \accent@spacefactor 
l.11 ...using_2006}.} se restringiu em categoriz√°
                                                  -lo enquanto absorvedor de...
Sorry, but I'm not programmed to handle this case;
I'll just pretend that you didn't ask for it.
If you're in the wrong mode, you might be able to
return to the right one by typing `I}' or `I$' or `I\par'.

\citation{solow_importance_1995}
! Undefined control sequence.
<write> ...: Citation `\@citeb ' on page \thepage 
                                                  \space undefined\on@line .
l.11 ...os produtivos \cite{solow_importance_1995}
                                                   enquanto parte da literat...
The control sequence at the end of the top line
of your error message was never \def'ed. If you have
misspelled it (e.g., `\hobx'), type `I' and the correct
spelling (e.g., `I\hbox'). Otherwise just continue,
and I'll forget about whatever was undefined.


LaTeX Warning: Citation `solow_importance_1995' on page  undefined on input lin
e 11.

\citation{mills_has_1987}
! Undefined control sequence.
<write> ...: Citation `\@citeb ' on page \thepage 
                                                  \space undefined\on@line .
l.11 ...stimento residencial \cite{mills_has_1987}
                                                  .
The control sequence at the end of the top line
of your error message was never \def'ed. If you have
misspelled it (e.g., `\hobx'), type `I' and the correct
spelling (e.g., `I\hbox'). Otherwise just continue,
and I'll forget about whatever was undefined.


LaTeX Warning: Citation `mills_has_1987' on page  undefined on input line 11.

! Missing $ inserted.
<inserted text> 
                $
l.12 
     
I've inserted a begin-math/end-math symbol since I think
you left one out. Proceed, with fingers crossed.

Missing character: There is no Ë in font cmex10!

Overfull \hbox (20.44449pt too wide) in paragraph at lines 11--12
[][]\/cmr/m/n/10 Para
 []


Overfull \hbox (20.0556pt too wide) in paragraph at lines 11--12
\/cmr/m/n/10 mais
 []


Overfull \hbox (13.33334pt too wide) in paragraph at lines 11--12
\/cmr/m/n/10 de-
 []


Overfull \hbox (15.00003pt too wide) in paragraph at lines 11--12
\/cmr/m/n/10 tal-
 []


Overfull \hbox (16.72224pt too wide) in paragraph at lines 11--12
\/cmr/m/n/10 hes,
 []


Overfull \hbox (13.36113pt too wide) in paragraph at lines 11--12
\/cmr/m/n/10 ver
 []


Overfull \hbox (199.97668pt too wide) in paragraph at lines 11--12
\/cmr/m/n/10 arku$[]\OML/cmm/m/it/10 ousing[]\/cmr/m/n/10 006\OML/cmm/m/it/10 :
|serestringiuemcategoriz[] \OMS/cmsy/m/n/10 ^^@
 []


Overfull \hbox (658.45987pt too wide) in paragraph at lines 11--12
\OML/cmm/m/it/10 loenquantoabsorvedorderecursosprodutivos\/cmr/m/n/10 [[]]\OML/
cmm/m/it/10 enquantopartedaliteraturadecrescimentoindicavaapossibilidadedeumsob
reinvestimentoresidencial\/cmr/m/n/10 [[]]\OML/cmm/m/it/10 :$ 
 []


Overfull \hbox (36.52785pt too wide) in paragraph at lines 13--14
[]\/cmr/m/n/10 TEXTO
 []


Overfull \hbox (31.52785pt too wide) in paragraph at lines 13--14
\/cmr/m/n/10 NBER:
 []


Overfull \hbox (35.83339pt too wide) in paragraph at lines 13--14
\/cmr/m/n/10 PERDA
 []


Overfull \hbox (14.44447pt too wide) in paragraph at lines 13--14
\/cmr/m/n/10 DE
 []


Overfull \hbox (16.11113pt too wide) in paragraph at lines 13--14
\/cmr/m/n/10 IM-
 []


Overfull \hbox (61.66676pt too wide) in paragraph at lines 13--14
\/cmr/m/n/10 PORT[]ANCIA
 []


Overfull \hbox (34.02785pt too wide) in paragraph at lines 13--14
\/cmr/m/n/10 DESTE
 []


Overfull \hbox (15.69447pt too wide) in paragraph at lines 13--14
\/cmr/m/n/10 SE-
 []


Overfull \hbox (22.36115pt too wide) in paragraph at lines 13--14
\/cmr/m/n/10 TOR 
 []


Overfull \hbox (49.65286pt too wide) in paragraph at lines 15--16
[]\/cmr/m/n/10 ROGNLIE:
 []


Overfull \hbox (51.80565pt too wide) in paragraph at lines 15--16
\/cmr/m/n/10 REDU[][]AO
 []


Overfull \hbox (14.86113pt too wide) in paragraph at lines 15--16
\/cmr/m/n/10 DA
 []


Overfull \hbox (28.88893pt too wide) in paragraph at lines 15--16
\/cmr/m/n/10 TAXA
 []


Overfull \hbox (14.44447pt too wide) in paragraph at lines 15--16
\/cmr/m/n/10 DE
 []


Overfull \hbox (24.86115pt too wide) in paragraph at lines 15--16
\/cmr/m/n/10 CAP-
 []


Overfull \hbox (6.94444pt too wide) in paragraph at lines 15--16
\/cmr/m/n/10 I-
 []


Overfull \hbox (20.13892pt too wide) in paragraph at lines 15--16
\/cmr/m/n/10 TAL 
 []

! Undefined control sequence.
l.20 ...ais gerais como a financeiriza√ß√£o \cites
                                                  {aalbers_financialization_...
The control sequence at the end of the top line
of your error message was never \def'ed. If you have
misspelled it (e.g., `\hobx'), type `I' and the correct
spelling (e.g., `I\hbox'). Otherwise just continue,
and I'll forget about whatever was undefined.

! Missing $ inserted.
<inserted text> 
                $
l.20 ...s como a financeiriza√ß√£o \cites{aalbers_
                                                  financialization_2008}{bib...
I've inserted a begin-math/end-math symbol since I think
you left one out. Proceed, with fingers crossed.

! Extra }, or forgotten $.
l.20 ...ß√£o \cites{aalbers_financialization_2008}
                                                  {bibow_financialization_20...
I've deleted a group-closing symbol because it seems to be
spurious, as in `$x}$'. But perhaps the } is legitimate and
you forgot something else, as in `\hbox{$x}'. In such cases
the way to recover is to insert both the forgotten and the
deleted material, e.g., by typing `I$}'.


LaTeX Warning: Command \c invalid in math mode on input line 20.

! Please use \mathaccent for accents in math mode.
<recently read> \accent 
                        
l.20 ...alization_2010} enquanto uma pequena fra√ß
                                                  √£o aborda investimento re...
I'm changing \accent to \mathaccent here; wish me luck.
(Accents are not the same in formulas as they are in text.)


LaTeX Warning: Command \~ invalid in math mode on input line 20.

! Please use \mathaccent for accents in math mode.
\add@accent ...@spacefactor \spacefactor }\accent 
                                                  #1 #2\egroup \spacefactor ...
l.20 ...ization_2010} enquanto uma pequena fra√ß√£
                                                  o aborda investimento resi...
I'm changing \accent to \mathaccent here; wish me luck.
(Accents are not the same in formulas as they are in text.)

! You can't use `\spacefactor' in math mode.
\add@accent ...}\accent #1 #2\egroup \spacefactor 
                                                  \accent@spacefactor 
l.20 ...ization_2010} enquanto uma pequena fra√ß√£
                                                  o aborda investimento resi...
Sorry, but I'm not programmed to handle this case;
I'll just pretend that you didn't ask for it.
If you're in the wrong mode, you might be able to
return to the right one by typing `I}' or `I$' or `I\par'.


LaTeX Warning: Command \' invalid in math mode on input line 21.

! Please use \mathaccent for accents in math mode.
\add@accent ...@spacefactor \spacefactor }\accent 
                                                  #1 #2\egroup \spacefactor ...
l.21 A t√≠
          tulo de men√ß√£o, vale destacar tamb√©m o trabalho de \textcite{ze...
I'm changing \accent to \mathaccent here; wish me luck.
(Accents are not the same in formulas as they are in text.)

! Missing { inserted.
<to be read again> 
                   \begingroup 
l.21 A t√≠
          tulo de men√ß√£o, vale destacar tamb√©m o trabalho de \textcite{ze...
A left brace was mandatory here, so I've put one in.
You might want to delete and/or insert some corrections
so that I will find a matching right brace soon.
(If you're confused by all this, try typing `I}' now.)


LaTeX Warning: Command \i invalid in math mode on input line 21.

! You can't use `\spacefactor' in math mode.
\add@accent ...}\accent #1 #2\egroup \spacefactor 
                                                  \accent@spacefactor 
l.21 A t√≠
          tulo de men√ß√£o, vale destacar tamb√©m o trabalho de \textcite{ze...
Sorry, but I'm not programmed to handle this case;
I'll just pretend that you didn't ask for it.
If you're in the wrong mode, you might be able to
return to the right one by typing `I}' or `I$' or `I\par'.


LaTeX Warning: Command \c invalid in math mode on input line 21.

! Please use \mathaccent for accents in math mode.
<recently read> \accent 
                        
l.21 A t√≠tulo de men√ß
                       √£o, vale destacar tamb√©m o trabalho de \textcite{ze...
I'm changing \accent to \mathaccent here; wish me luck.
(Accents are not the same in formulas as they are in text.)


LaTeX Warning: Command \~ invalid in math mode on input line 21.

! Please use \mathaccent for accents in math mode.
\add@accent ...@spacefactor \spacefactor }\accent 
                                                  #1 #2\egroup \spacefactor ...
l.21 A t√≠tulo de men√ß√£
                         o, vale destacar tamb√©m o trabalho de \textcite{ze...
I'm changing \accent to \mathaccent here; wish me luck.
(Accents are not the same in formulas as they are in text.)

! You can't use `\spacefactor' in math mode.
\add@accent ...}\accent #1 #2\egroup \spacefactor 
                                                  \accent@spacefactor 
l.21 A t√≠tulo de men√ß√£
                         o, vale destacar tamb√©m o trabalho de \textcite{ze...
Sorry, but I'm not programmed to handle this case;
I'll just pretend that you didn't ask for it.
If you're in the wrong mode, you might be able to
return to the right one by typing `I}' or `I$' or `I\par'.


LaTeX Warning: Command \' invalid in math mode on input line 21.

! Please use \mathaccent for accents in math mode.
\add@accent ...@spacefactor \spacefactor }\accent 
                                                  #1 #2\egroup \spacefactor ...
l.21 A t√≠tulo de men√ß√£o, vale destacar tamb√©
                                                m o trabalho de \textcite{ze...
I'm changing \accent to \mathaccent here; wish me luck.
(Accents are not the same in formulas as they are in text.)

! You can't use `\spacefactor' in math mode.
\add@accent ...}\accent #1 #2\egroup \spacefactor 
                                                  \accent@spacefactor 
l.21 A t√≠tulo de men√ß√£o, vale destacar tamb√©
                                                m o trabalho de \textcite{ze...
Sorry, but I'm not programmed to handle this case;
I'll just pretend that you didn't ask for it.
If you're in the wrong mode, you might be able to
return to the right one by typing `I}' or `I$' or `I\par'.

! Undefined control sequence.
l.21 ...e destacar tamb√©m o trabalho de \textcite
                                                  {zezza_u.s._2008} em que s...
The control sequence at the end of the top line
of your error message was never \def'ed. If you have
misspelled it (e.g., `\hobx'), type `I' and the correct
spelling (e.g., `I\hbox'). Otherwise just continue,
and I'll forget about whatever was undefined.


LaTeX Warning: Command \~ invalid in math mode on input line 21.

! Please use \mathaccent for accents in math mode.
\add@accent ...@spacefactor \spacefactor }\accent 
                                                  #1 #2\egroup \spacefactor ...
l.21 ...o de \textcite{zezza_u.s._2008} em que s√£
                                                  o investigados os efeitos ...
I'm changing \accent to \mathaccent here; wish me luck.
(Accents are not the same in formulas as they are in text.)

! You can't use `\spacefactor' in math mode.
\add@accent ...}\accent #1 #2\egroup \spacefactor 
                                                  \accent@spacefactor 
l.21 ...o de \textcite{zezza_u.s._2008} em que s√£
                                                  o investigados os efeitos ...
Sorry, but I'm not programmed to handle this case;
I'll just pretend that you didn't ask for it.
If you're in the wrong mode, you might be able to
return to the right one by typing `I}' or `I$' or `I\par'.


LaTeX Warning: Command \c invalid in math mode on input line 21.

! Please use \mathaccent for accents in math mode.
<recently read> \accent 
                        
l.21 ... s√£o investigados os efeitos da diminui√ß
                                                  √£o da propens√£o marginal...
I'm changing \accent to \mathaccent here; wish me luck.
(Accents are not the same in formulas as they are in text.)


LaTeX Warning: Command \~ invalid in math mode on input line 21.

! Please use \mathaccent for accents in math mode.
\add@accent ...@spacefactor \spacefactor }\accent 
                                                  #1 #2\egroup \spacefactor ...
l.21 ...√£o investigados os efeitos da diminui√ß√£
                                                  o da propens√£o marginal a...
I'm changing \accent to \mathaccent here; wish me luck.
(Accents are not the same in formulas as they are in text.)

! You can't use `\spacefactor' in math mode.
\add@accent ...}\accent #1 #2\egroup \spacefactor 
                                                  \accent@spacefactor 
l.21 ...√£o investigados os efeitos da diminui√ß√£
                                                  o da propens√£o marginal a...
Sorry, but I'm not programmed to handle this case;
I'll just pretend that you didn't ask for it.
If you're in the wrong mode, you might be able to
return to the right one by typing `I}' or `I$' or `I\par'.


LaTeX Warning: Command \~ invalid in math mode on input line 21.

! Please use \mathaccent for accents in math mode.
\add@accent ...@spacefactor \spacefactor }\accent 
                                                  #1 #2\egroup \spacefactor ...
l.21 ...os os efeitos da diminui√ß√£o da propens√£
                                                  o marginal a poupar da eco...
I'm changing \accent to \mathaccent here; wish me luck.
(Accents are not the same in formulas as they are in text.)

! You can't use `\spacefactor' in math mode.
\add@accent ...}\accent #1 #2\egroup \spacefactor 
                                                  \accent@spacefactor 
l.21 ...os os efeitos da diminui√ß√£o da propens√£
                                                  o marginal a poupar da eco...
Sorry, but I'm not programmed to handle this case;
I'll just pretend that you didn't ask for it.
If you're in the wrong mode, you might be able to
return to the right one by typing `I}' or `I$' or `I\par'.


LaTeX Warning: Command \' invalid in math mode on input line 21.

! Please use \mathaccent for accents in math mode.
\add@accent ...@spacefactor \spacefactor }\accent 
                                                  #1 #2\egroup \spacefactor ...
l.21 ... conclui que o consumo financiado por cr√©
                                                  dito √© o principal determ...
I'm changing \accent to \mathaccent here; wish me luck.
(Accents are not the same in formulas as they are in text.)

! You can't use `\spacefactor' in math mode.
\add@accent ...}\accent #1 #2\egroup \spacefactor 
                                                  \accent@spacefactor 
l.21 ... conclui que o consumo financiado por cr√©
                                                  dito √© o principal determ...
Sorry, but I'm not programmed to handle this case;
I'll just pretend that you didn't ask for it.
If you're in the wrong mode, you might be able to
return to the right one by typing `I}' or `I$' or `I\par'.


LaTeX Warning: Command \' invalid in math mode on input line 21.

! Please use \mathaccent for accents in math mode.
\add@accent ...@spacefactor \spacefactor }\accent 
                                                  #1 #2\egroup \spacefactor ...
l.21 ...i que o consumo financiado por cr√©dito √©
                                                   o principal determinante ...
I'm changing \accent to \mathaccent here; wish me luck.
(Accents are not the same in formulas as they are in text.)

! You can't use `\spacefactor' in math mode.
\add@accent ...}\accent #1 #2\egroup \spacefactor 
                                                  \accent@spacefactor 
l.21 ...i que o consumo financiado por cr√©dito √©
                                                   o principal determinante ...
Sorry, but I'm not programmed to handle this case;
I'll just pretend that you didn't ask for it.
If you're in the wrong mode, you might be able to
return to the right one by typing `I}' or `I$' or `I\par'.


LaTeX Warning: Command \c invalid in math mode on input line 21.

! Please use \mathaccent for accents in math mode.
<recently read> \accent 
                        
l.21 ...sidencial um efeito riqueza via valoriza√ß
                                                  √£o dos im√≥veis apenas em...
I'm changing \accent to \mathaccent here; wish me luck.
(Accents are not the same in formulas as they are in text.)


LaTeX Warning: Command \~ invalid in math mode on input line 21.

! Please use \mathaccent for accents in math mode.
\add@accent ...@spacefactor \spacefactor }\accent 
                                                  #1 #2\egroup \spacefactor ...
l.21 ...dencial um efeito riqueza via valoriza√ß√£
                                                  o dos im√≥veis apenas em q...
I'm changing \accent to \mathaccent here; wish me luck.
(Accents are not the same in formulas as they are in text.)

! You can't use `\spacefactor' in math mode.
\add@accent ...}\accent #1 #2\egroup \spacefactor 
                                                  \accent@spacefactor 
l.21 ...dencial um efeito riqueza via valoriza√ß√£
                                                  o dos im√≥veis apenas em q...
Sorry, but I'm not programmed to handle this case;
I'll just pretend that you didn't ask for it.
If you're in the wrong mode, you might be able to
return to the right one by typing `I}' or `I$' or `I\par'.


LaTeX Warning: Command \' invalid in math mode on input line 21.

! Please use \mathaccent for accents in math mode.
\add@accent ...@spacefactor \spacefactor }\accent 
                                                  #1 #2\egroup \spacefactor ...
l.21 ... efeito riqueza via valoriza√ß√£o dos im√≥
                                                  veis apenas em que os ganh...
I'm changing \accent to \mathaccent here; wish me luck.
(Accents are not the same in formulas as they are in text.)

! You can't use `\spacefactor' in math mode.
\add@accent ...}\accent #1 #2\egroup \spacefactor 
                                                  \accent@spacefactor 
l.21 ... efeito riqueza via valoriza√ß√£o dos im√≥
                                                  veis apenas em que os ganh...
Sorry, but I'm not programmed to handle this case;
I'll just pretend that you didn't ask for it.
If you're in the wrong mode, you might be able to
return to the right one by typing `I}' or `I$' or `I\par'.


LaTeX Warning: Command \c invalid in math mode on input line 21.

! Please use \mathaccent for accents in math mode.
<recently read> \accent 
                        
l.21 ...nhos de capital ajudam a explicar a redu√ß
                                                  √£o na taxa de poupan√ßa a...
I'm changing \accent to \mathaccent here; wish me luck.
(Accents are not the same in formulas as they are in text.)


LaTeX Warning: Command \~ invalid in math mode on input line 21.

! Please use \mathaccent for accents in math mode.
\add@accent ...@spacefactor \spacefactor }\accent 
                                                  #1 #2\egroup \spacefactor ...
l.21 ...os de capital ajudam a explicar a redu√ß√£
                                                  o na taxa de poupan√ßa ape...
I'm changing \accent to \mathaccent here; wish me luck.
(Accents are not the same in formulas as they are in text.)

! You can't use `\spacefactor' in math mode.
\add@accent ...}\accent #1 #2\egroup \spacefactor 
                                                  \accent@spacefactor 
l.21 ...os de capital ajudam a explicar a redu√ß√£
                                                  o na taxa de poupan√ßa ape...
Sorry, but I'm not programmed to handle this case;
I'll just pretend that you didn't ask for it.
If you're in the wrong mode, you might be able to
return to the right one by typing `I}' or `I$' or `I\par'.


LaTeX Warning: Command \c invalid in math mode on input line 21.

! Please use \mathaccent for accents in math mode.
<recently read> \accent 
                        
l.21 ...a explicar a redu√ß√£o na taxa de poupan√ß
                                                  a apesar da distribui√ß√£o...
I'm changing \accent to \mathaccent here; wish me luck.
(Accents are not the same in formulas as they are in text.)


LaTeX Warning: Command \c invalid in math mode on input line 21.

! Please use \mathaccent for accents in math mode.
<recently read> \accent 
                        
l.21 ...na taxa de poupan√ßa apesar da distribui√ß
                                                  √£o da renda a favor dos l...
I'm changing \accent to \mathaccent here; wish me luck.
(Accents are not the same in formulas as they are in text.)


LaTeX Warning: Command \~ invalid in math mode on input line 21.

! Please use \mathaccent for accents in math mode.
\add@accent ...@spacefactor \spacefactor }\accent 
                                                  #1 #2\egroup \spacefactor ...
l.21 ... taxa de poupan√ßa apesar da distribui√ß√£
                                                  o da renda a favor dos luc...
I'm changing \accent to \mathaccent here; wish me luck.
(Accents are not the same in formulas as they are in text.)

! You can't use `\spacefactor' in math mode.
\add@accent ...}\accent #1 #2\egroup \spacefactor 
                                                  \accent@spacefactor 
l.21 ... taxa de poupan√ßa apesar da distribui√ß√£
                                                  o da renda a favor dos luc...
Sorry, but I'm not programmed to handle this case;
I'll just pretend that you didn't ask for it.
If you're in the wrong mode, you might be able to
return to the right one by typing `I}' or `I$' or `I\par'.

! Missing $ inserted.
<inserted text> 
                $
l.22 
     
I've inserted a begin-math/end-math symbol since I think
you left one out. Proceed, with fingers crossed.

! Missing } inserted.
<inserted text> 
                }
l.22 
     
I've inserted something that you may have forgotten.
(See the <inserted text> above.)
With luck, this will get me unwedged. But if you
really didn't forget anything, try typing `2' now; then
my insertion and my current dilemma will both disappear.

Missing character: There is no Ë in font cmex10!
Missing character: There is no Ë in font cmex10!
Missing character: There is no Ë in font cmex10!
Missing character: There is no Ë in font cmex10!
Missing character: There is no Ë in font cmex10!
Missing character: There is no Ë in font cmex10!
Missing character: There is no Ë in font cmex10!
Missing character: There is no Ë in font cmex10!
Missing character: There is no Ë in font cmex10!
Missing character: There is no Ë in font cmex10!
Missing character: There is no Ë in font cmex10!
Missing character: There is no Ë in font cmex10!
Missing character: There is no Ë in font cmex10!

Overfull \hbox (49.30571pt too wide) in paragraph at lines 18--22
[]\/cmr/m/n/10 Examinada
 []


Overfull \hbox (31.13895pt too wide) in paragraph at lines 18--22
\/cmr/m/n/10 parcela
 []


Overfull \hbox (14.50003pt too wide) in paragraph at lines 18--22
\/cmr/m/n/10 dos
 []


Overfull \hbox (16.13892pt too wide) in paragraph at lines 18--22
\/cmr/m/n/10 tra-
 []


Overfull \hbox (16.6667pt too wide) in paragraph at lines 18--22
\/cmr/m/n/10 bal-
 []


Overfull \hbox (14.50003pt too wide) in paragraph at lines 18--22
\/cmr/m/n/10 hos
 []


Overfull \hbox (21.13893pt too wide) in paragraph at lines 18--22
\/cmr/m/n/10 orto-
 []


Overfull \hbox (27.27785pt too wide) in paragraph at lines 18--22
\/cmr/m/n/10 doxos,
 []


Overfull \hbox (19.72226pt too wide) in paragraph at lines 18--22
\/cmr/m/n/10 cabe
 []


Overfull \hbox (11.66669pt too wide) in paragraph at lines 18--22
\/cmr/m/n/10 in-
 []


Overfull \hbox (40.91675pt too wide) in paragraph at lines 18--22
\/cmr/m/n/10 specionar
 []


Overfull \hbox (5.00002pt too wide) in paragraph at lines 18--22
\/cmr/m/n/10 a
 []


Overfull \hbox (25.30563pt too wide) in paragraph at lines 18--22
\/cmr/m/n/10 forma
 []


Overfull \hbox (17.77782pt too wide) in paragraph at lines 18--22
\/cmr/m/n/10 com
 []


Overfull \hbox (15.2778pt too wide) in paragraph at lines 18--22
\/cmr/m/n/10 que
 []


Overfull \hbox (5.00002pt too wide) in paragraph at lines 18--22
\/cmr/m/n/10 a
 []


Overfull \hbox (17.22224pt too wide) in paragraph at lines 18--22
\/cmr/m/n/10 het-
 []


Overfull \hbox (16.69446pt too wide) in paragraph at lines 18--22
\/cmr/m/n/10 ero-
 []


Overfull \hbox (23.3334pt too wide) in paragraph at lines 18--22
\/cmr/m/n/10 doxia
 []


Overfull \hbox (16.13892pt too wide) in paragraph at lines 18--22
\/cmr/m/n/10 tra-
 []


Overfull \hbox (14.44449pt too wide) in paragraph at lines 18--22
\/cmr/m/n/10 tou
 []


Overfull \hbox (10.55559pt too wide) in paragraph at lines 18--22
\/cmr/m/n/10 do
 []


Overfull \hbox (24.4445pt too wide) in paragraph at lines 18--22
\/cmr/m/n/10 tema.
 []


Overfull \hbox (23.77782pt too wide) in paragraph at lines 18--22
\/cmr/m/n/10 Parte
 []


Overfull \hbox (15.05557pt too wide) in paragraph at lines 18--22
\/cmr/m/n/10 sig-
 []


Overfull \hbox (11.66669pt too wide) in paragraph at lines 18--22
\/cmr/m/n/10 ni-
 []


Overfull \hbox (18.33336pt too wide) in paragraph at lines 18--22
\/cmr/m/n/10 fica-
 []


Overfull \hbox (16.38895pt too wide) in paragraph at lines 18--22
\/cmr/m/n/10 tiva
 []


Overfull \hbox (22.83337pt too wide) in paragraph at lines 18--22
\/cmr/m/n/10 desta
 []


Overfull \hbox (12.7778pt too wide) in paragraph at lines 18--22
\/cmr/m/n/10 lit-
 []


Overfull \hbox (11.69444pt too wide) in paragraph at lines 18--22
\/cmr/m/n/10 er-
 []


Overfull \hbox (23.36118pt too wide) in paragraph at lines 18--22
\/cmr/m/n/10 atura
 []


Overfull \hbox (10.00002pt too wide) in paragraph at lines 18--22
\/cmr/m/n/10 ---
 []


Overfull \hbox (24.47224pt too wide) in paragraph at lines 18--22
\/cmr/m/n/10 emer-
 []


Overfull \hbox (23.05559pt too wide) in paragraph at lines 18--22
\/cmr/m/n/10 gente
 []


Overfull \hbox (10.55559pt too wide) in paragraph at lines 18--22
\/cmr/m/n/10 no
 []


Overfull \hbox (17.83336pt too wide) in paragraph at lines 18--22
\/cmr/m/n/10 p^^Sos-
 []


Overfull \hbox (19.52779pt too wide) in paragraph at lines 18--22
\/cmr/m/n/10 crise
 []


Overfull \hbox (19.44449pt too wide) in paragraph at lines 18--22
\/cmr/m/n/10 imo-
 []


Overfull \hbox (30.58342pt too wide) in paragraph at lines 18--22
\/cmr/m/n/10 bili^^Saria
 []


Overfull \hbox (10.00002pt too wide) in paragraph at lines 18--22
\/cmr/m/n/10 ---
 []


Overfull \hbox (17.77779pt too wide) in paragraph at lines 18--22
\/cmr/m/n/10 cen-
 []


Overfull \hbox (12.80559pt too wide) in paragraph at lines 18--22
\/cmr/m/n/10 tra
 []


Overfull \hbox (11.72221pt too wide) in paragraph at lines 18--22
\/cmr/m/n/10 es-
 []


Overfull \hbox (25.36116pt too wide) in paragraph at lines 18--22
\/cmr/m/n/10 for^^Xcos
 []


Overfull \hbox (10.55559pt too wide) in paragraph at lines 18--22
\/cmr/m/n/10 na
 []


Overfull \hbox (34.7223pt too wide) in paragraph at lines 18--22
\/cmr/m/n/10 conex~ao
 []


Overfull \hbox (22.2778pt too wide) in paragraph at lines 18--22
\/cmr/m/n/10 deste
 []


Overfull \hbox (17.50006pt too wide) in paragraph at lines 18--22
\/cmr/m/n/10 tipo
 []


Overfull \hbox (10.00002pt too wide) in paragraph at lines 18--22
\/cmr/m/n/10 de
 []


Overfull \hbox (22.83339pt too wide) in paragraph at lines 18--22
\/cmr/m/n/10 gasto
 []


Overfull \hbox (17.77782pt too wide) in paragraph at lines 18--22
\/cmr/m/n/10 com
 []


Overfull \hbox (17.80559pt too wide) in paragraph at lines 18--22
\/cmr/m/n/10 pro-
 []


Overfull \hbox (16.16666pt too wide) in paragraph at lines 18--22
\/cmr/m/n/10 ces-
 []


Overfull \hbox (12.8889pt too wide) in paragraph at lines 18--22
\/cmr/m/n/10 sos
 []


Overfull \hbox (20.0556pt too wide) in paragraph at lines 18--22
\/cmr/m/n/10 mais
 []


Overfull \hbox (25.08337pt too wide) in paragraph at lines 18--22
\/cmr/m/n/10 gerais
 []


Overfull \hbox (22.77783pt too wide) in paragraph at lines 18--22
\/cmr/m/n/10 como
 []


Overfull \hbox (5.00002pt too wide) in paragraph at lines 18--22
\/cmr/m/n/10 a
 []


Overfull \hbox (8.8889pt too wide) in paragraph at lines 18--22
\/cmr/m/n/10 fi-
 []


Overfull \hbox (19.44449pt too wide) in paragraph at lines 18--22
\/cmr/m/n/10 nan-
 []


Overfull \hbox (12.22221pt too wide) in paragraph at lines 18--22
\/cmr/m/n/10 ce-
 []


Overfull \hbox (6.11111pt too wide) in paragraph at lines 18--22
\/cmr/m/n/10 i-
 []


Overfull \hbox (30.58339pt too wide) in paragraph at lines 18--22
\/cmr/m/n/10 riza^^Xc~ao
 []


Overfull \hbox (2783.23036pt too wide) in paragraph at lines 18--22
\/cmr/m/n/10 aalbers$[]\OML/cmm/m/it/10 inancialization[]\/cmr/m/n/10 008[]\OML
/cmm/m/it/10 enquantoumapequenafra[][]oabordainvestimentoresidencialecresciment
o:At[]$ 
 []


Overfull \hbox (35.41672pt too wide) in paragraph at lines 24--25
[]\/cmr/m/n/10 ZEZZA,
 []


Overfull \hbox (25.41669pt too wide) in paragraph at lines 24--25
\/cmr/m/n/10 CAR-
 []


Overfull \hbox (28.19447pt too wide) in paragraph at lines 24--25
\/cmr/m/n/10 DACI,
 []


Overfull \hbox (24.02782pt too wide) in paragraph at lines 24--25
\/cmr/m/n/10 ETC:
 []


Overfull \hbox (75.69458pt too wide) in paragraph at lines 24--25
\/cmr/m/n/10 DISTRIBUI[][]AO
 []


Overfull \hbox (6.80557pt too wide) in paragraph at lines 24--25
\/cmr/m/n/10 E
 []


Overfull \hbox (14.44446pt too wide) in paragraph at lines 24--25
\/cmr/m/n/10 IN-
 []


Overfull \hbox (23.19449pt too wide) in paragraph at lines 24--25
\/cmr/m/n/10 VES-
 []


Overfull \hbox (14.16667pt too wide) in paragraph at lines 24--25
\/cmr/m/n/10 TI-
 []


Overfull \hbox (38.4723pt too wide) in paragraph at lines 24--25
\/cmr/m/n/10 MENTO
 []


Overfull \hbox (23.05559pt too wide) in paragraph at lines 24--25
\/cmr/m/n/10 RES-
 []


Overfull \hbox (6.94444pt too wide) in paragraph at lines 24--25
\/cmr/m/n/10 I-
 []


Overfull \hbox (25.27782pt too wide) in paragraph at lines 24--25
\/cmr/m/n/10 DEN-
 []


Overfull \hbox (24.58337pt too wide) in paragraph at lines 24--25
\/cmr/m/n/10 CIAL 
 []


Overfull \hbox (42.3612pt too wide) in paragraph at lines 26--27
[]\/cmr/m/n/10 HANSEN
 []


Overfull \hbox (6.80557pt too wide) in paragraph at lines 26--27
\/cmr/m/n/10 E
 []


Overfull \hbox (25.27782pt too wide) in paragraph at lines 26--27
\/cmr/m/n/10 DUE-
 []


Overfull \hbox (23.19449pt too wide) in paragraph at lines 26--27
\/cmr/m/n/10 SEN-
 []


Overfull \hbox (38.05562pt too wide) in paragraph at lines 26--27
\/cmr/m/n/10 BERRY:
 []


Overfull \hbox (14.44446pt too wide) in paragraph at lines 26--27
\/cmr/m/n/10 IN-
 []


Overfull \hbox (23.19449pt too wide) in paragraph at lines 26--27
\/cmr/m/n/10 VES-
 []


Overfull \hbox (14.16667pt too wide) in paragraph at lines 26--27
\/cmr/m/n/10 TI-
 []


Overfull \hbox (38.4723pt too wide) in paragraph at lines 26--27
\/cmr/m/n/10 MENTO
 []


Overfull \hbox (23.05559pt too wide) in paragraph at lines 26--27
\/cmr/m/n/10 RES-
 []


Overfull \hbox (6.94444pt too wide) in paragraph at lines 26--27
\/cmr/m/n/10 I-
 []


Overfull \hbox (25.27782pt too wide) in paragraph at lines 26--27
\/cmr/m/n/10 DEN-
 []


Overfull \hbox (24.58337pt too wide) in paragraph at lines 26--27
\/cmr/m/n/10 CIAL
 []


Overfull \hbox (6.80557pt too wide) in paragraph at lines 26--27
\/cmr/m/n/10 E
 []


Overfull \hbox (17.7778pt too wide) in paragraph at lines 26--27
\/cmr/m/n/10 DE-
 []


Overfull \hbox (64.514pt too wide) in paragraph at lines 26--27
\/cmr/m/n/10 MOGRAFICA 
 []


Overfull \hbox (45.06952pt too wide) in paragraph at lines 28--29
[]\/cmr/m/n/10 GOWANS
 []


Overfull \hbox (6.80557pt too wide) in paragraph at lines 28--29
\/cmr/m/n/10 E
 []


Overfull \hbox (17.08336pt too wide) in paragraph at lines 28--29
\/cmr/m/n/10 AL-
 []


Overfull \hbox (27.63895pt too wide) in paragraph at lines 28--29
\/cmr/m/n/10 LAIN:
 []


Overfull \hbox (14.44446pt too wide) in paragraph at lines 28--29
\/cmr/m/n/10 IN-
 []


Overfull \hbox (23.19449pt too wide) in paragraph at lines 28--29
\/cmr/m/n/10 VES-
 []


Overfull \hbox (14.16667pt too wide) in paragraph at lines 28--29
\/cmr/m/n/10 TI-
 []


Overfull \hbox (38.4723pt too wide) in paragraph at lines 28--29
\/cmr/m/n/10 MENTO
 []


Overfull \hbox (23.05559pt too wide) in paragraph at lines 28--29
\/cmr/m/n/10 RES-
 []


Overfull \hbox (6.94444pt too wide) in paragraph at lines 28--29
\/cmr/m/n/10 I-
 []


Overfull \hbox (25.27782pt too wide) in paragraph at lines 28--29
\/cmr/m/n/10 DEN-
 []


Overfull \hbox (24.58337pt too wide) in paragraph at lines 28--29
\/cmr/m/n/10 CIAL
 []


Overfull \hbox (6.80557pt too wide) in paragraph at lines 28--29
\/cmr/m/n/10 E
 []


Overfull \hbox (17.7778pt too wide) in paragraph at lines 28--29
\/cmr/m/n/10 DE-
 []


Overfull \hbox (57.29178pt too wide) in paragraph at lines 28--29
\/cmr/m/n/10 MOGRAFIA
 []


Overfull \hbox (15.97226pt too wide) in paragraph at lines 28--29
\/cmr/m/n/10 EM
 []


Overfull \hbox (27.91672pt too wide) in paragraph at lines 28--29
\/cmr/m/n/10 MOD-
 []


Overfull \hbox (10.1389pt too wide) in paragraph at lines 28--29
\/cmr/m/n/10 E-
 []


Overfull \hbox (19.58339pt too wide) in paragraph at lines 28--29
\/cmr/m/n/10 LOS
 []


Overfull \hbox (15.4167pt too wide) in paragraph at lines 28--29
\/cmr/m/n/10 DO
 []


Overfull \hbox (25.41672pt too wide) in paragraph at lines 28--29
\/cmr/m/n/10 TIPO
 []


Overfull \hbox (16.38892pt too wide) in paragraph at lines 28--29
\/cmr/m/n/10 SU-
 []


Overfull \hbox (24.30559pt too wide) in paragraph at lines 28--29
\/cmr/m/n/10 PER-
 []


Overfull \hbox (26.25005pt too wide) in paragraph at lines 28--29
\/cmr/m/n/10 MUL-
 []


Overfull \hbox (14.16667pt too wide) in paragraph at lines 28--29
\/cmr/m/n/10 TI-
 []


Overfull \hbox (20.00003pt too wide) in paragraph at lines 28--29
\/cmr/m/n/10 PLI-
 []


Overfull \hbox (37.50006pt too wide) in paragraph at lines 28--29
\/cmr/m/n/10 CADOR 
 []


Overfull \hbox (3.33333pt too wide) in paragraph at lines 30--31
[]\/cmr/m/n/10 -
 []


Overfull \hbox (55.69452pt too wide) in paragraph at lines 30--31
\/cmr/m/n/10 DESTACAR
 []


Overfull \hbox (51.80565pt too wide) in paragraph at lines 30--31
\/cmr/m/n/10 REDU[][]AO
 []


Overfull \hbox (14.86113pt too wide) in paragraph at lines 30--31
\/cmr/m/n/10 DA
 []


Overfull \hbox (28.88893pt too wide) in paragraph at lines 30--31
\/cmr/m/n/10 TAXA
 []


Overfull \hbox (14.44447pt too wide) in paragraph at lines 30--31
\/cmr/m/n/10 DE
 []


Overfull \hbox (41.11116pt too wide) in paragraph at lines 30--31
\/cmr/m/n/10 CRESCI-
 []


Overfull \hbox (38.4723pt too wide) in paragraph at lines 30--31
\/cmr/m/n/10 MENTO
 []


Overfull \hbox (24.72227pt too wide) in paragraph at lines 30--31
\/cmr/m/n/10 POP-
 []


Overfull \hbox (10.83334pt too wide) in paragraph at lines 30--31
\/cmr/m/n/10 U-
 []


Overfull \hbox (17.08336pt too wide) in paragraph at lines 30--31
\/cmr/m/n/10 LA-
 []


Overfull \hbox (39.86119pt too wide) in paragraph at lines 30--31
\/cmr/m/n/10 CIONAL
 []


Overfull \hbox (6.80557pt too wide) in paragraph at lines 30--31
\/cmr/m/n/10 E
 []


Overfull \hbox (18.05557pt too wide) in paragraph at lines 30--31
\/cmr/m/n/10 AU-
 []


Overfull \hbox (38.4723pt too wide) in paragraph at lines 30--31
\/cmr/m/n/10 MENTO
 []


Overfull \hbox (15.4167pt too wide) in paragraph at lines 30--31
\/cmr/m/n/10 DO
 []


Overfull \hbox (14.44446pt too wide) in paragraph at lines 30--31
\/cmr/m/n/10 IN-
 []


Overfull \hbox (30.00008pt too wide) in paragraph at lines 30--31
\/cmr/m/n/10 SUMO
 []


Overfull \hbox (15.00003pt too wide) in paragraph at lines 30--31
\/cmr/m/n/10 NA
 []


Overfull \hbox (59.30566pt too wide) in paragraph at lines 30--31
\/cmr/m/n/10 PRODU[][]AO
 []


Overfull \hbox (14.44447pt too wide) in paragraph at lines 30--31
\/cmr/m/n/10 DE
 []


Overfull \hbox (35.55563pt too wide) in paragraph at lines 30--31
\/cmr/m/n/10 NOVOS
 []


Overfull \hbox (44.02788pt too wide) in paragraph at lines 30--31
\/cmr/m/n/10 IM[]OVEIS 
 []


Overfull \hbox (33.88895pt too wide) in paragraph at lines 32--33
[]\/cmr/m/n/10 DESTA
 []


Overfull \hbox (17.50002pt too wide) in paragraph at lines 32--33
\/cmr/m/n/10 RE-
 []


Overfull \hbox (31.94452pt too wide) in paragraph at lines 32--33
\/cmr/m/n/10 VIS[]AO
 []


Overfull \hbox (14.86113pt too wide) in paragraph at lines 32--33
\/cmr/m/n/10 DA
 []


Overfull \hbox (20.41669pt too wide) in paragraph at lines 32--33
\/cmr/m/n/10 LIT-
 []


Overfull \hbox (17.50002pt too wide) in paragraph at lines 32--33
\/cmr/m/n/10 ER-
 []


Overfull \hbox (36.25005pt too wide) in paragraph at lines 32--33
\/cmr/m/n/10 ATURA
 []


Overfull \hbox (53.4723pt too wide) in paragraph at lines 32--33
\/cmr/m/n/10 VERIFICA-
 []


Overfull \hbox (12.36115pt too wide) in paragraph at lines 32--33
\/cmr/m/n/10 SE
 []


Overfull \hbox (22.08339pt too wide) in paragraph at lines 32--33
\/cmr/m/n/10 QUE
 []


Overfull \hbox (13.33337pt too wide) in paragraph at lines 32--33
\/cmr/m/n/10 OS
 []


Overfull \hbox (27.91672pt too wide) in paragraph at lines 32--33
\/cmr/m/n/10 MOD-
 []


Overfull \hbox (10.1389pt too wide) in paragraph at lines 32--33
\/cmr/m/n/10 E-
 []


Overfull \hbox (19.58339pt too wide) in paragraph at lines 32--33
\/cmr/m/n/10 LOS
 []


Overfull \hbox (15.27782pt too wide) in paragraph at lines 32--33
\/cmr/m/n/10 OU
 []


Overfull \hbox (17.50002pt too wide) in paragraph at lines 32--33
\/cmr/m/n/10 RE-
 []


Overfull \hbox (55.06953pt too wide) in paragraph at lines 32--33
\/cmr/m/n/10 STRINGEM
 []


Overfull \hbox (7.50002pt too wide) in paragraph at lines 32--33
\/cmr/m/n/10 A
 []


Overfull \hbox (81.38904pt too wide) in paragraph at lines 32--33
\/cmr/m/n/10 CONTRIBUI[][]AO
 []


Overfull \hbox (15.4167pt too wide) in paragraph at lines 32--33
\/cmr/m/n/10 DO
 []


Overfull \hbox (14.44446pt too wide) in paragraph at lines 32--33
\/cmr/m/n/10 IN-
 []


Overfull \hbox (23.19449pt too wide) in paragraph at lines 32--33
\/cmr/m/n/10 VES-
 []


Overfull \hbox (14.16667pt too wide) in paragraph at lines 32--33
\/cmr/m/n/10 TI-
 []


Overfull \hbox (38.4723pt too wide) in paragraph at lines 32--33
\/cmr/m/n/10 MENTO
 []


Overfull \hbox (23.05559pt too wide) in paragraph at lines 32--33
\/cmr/m/n/10 RES-
 []


Overfull \hbox (6.94444pt too wide) in paragraph at lines 32--33
\/cmr/m/n/10 I-
 []


Overfull \hbox (25.27782pt too wide) in paragraph at lines 32--33
\/cmr/m/n/10 DEN-
 []


Overfull \hbox (24.58337pt too wide) in paragraph at lines 32--33
\/cmr/m/n/10 CIAL
 []


Overfull \hbox (7.50002pt too wide) in paragraph at lines 32--33
\/cmr/m/n/10 A
 []


Overfull \hbox (35.83339pt too wide) in paragraph at lines 32--33
\/cmr/m/n/10 PERDA
 []


Overfull \hbox (14.86113pt too wide) in paragraph at lines 32--33
\/cmr/m/n/10 DA
 []


Overfull \hbox (77.63899pt too wide) in paragraph at lines 32--33
\/cmr/m/n/10 PARTICIPA[][]AO
 []


Overfull \hbox (23.75003pt too wide) in paragraph at lines 32--33
\/cmr/m/n/10 REL-
 []


Overfull \hbox (10.83334pt too wide) in paragraph at lines 32--33
\/cmr/m/n/10 A-
 []


Overfull \hbox (24.72224pt too wide) in paragraph at lines 32--33
\/cmr/m/n/10 TIVA
 []


Overfull \hbox (20.97227pt too wide) in paragraph at lines 32--33
\/cmr/m/n/10 DOS
 []


Overfull \hbox (51.11122pt too wide) in paragraph at lines 32--33
\/cmr/m/n/10 SAL[]ARIOS
 []


Overfull \hbox (15.27782pt too wide) in paragraph at lines 32--33
\/cmr/m/n/10 OU
 []


Overfull \hbox (24.86115pt too wide) in paragraph at lines 32--33
\/cmr/m/n/10 CEN-
 []


Overfull \hbox (31.25005pt too wide) in paragraph at lines 32--33
\/cmr/m/n/10 TRAM
 []


Overfull \hbox (7.50002pt too wide) in paragraph at lines 32--33
\/cmr/m/n/10 A
 []


Overfull \hbox (44.72232pt too wide) in paragraph at lines 32--33
\/cmr/m/n/10 AN[]ALISE
 []


Overfull \hbox (15.97226pt too wide) in paragraph at lines 32--33
\/cmr/m/n/10 EM
 []


Overfull \hbox (16.38892pt too wide) in paragraph at lines 32--33
\/cmr/m/n/10 EL-
 []


Overfull \hbox (10.1389pt too wide) in paragraph at lines 32--33
\/cmr/m/n/10 E-
 []


Overfull \hbox (26.8056pt too wide) in paragraph at lines 32--33
\/cmr/m/n/10 MEN-
 []


Overfull \hbox (20.5556pt too wide) in paragraph at lines 32--33
\/cmr/m/n/10 TOS
 []


Overfull \hbox (17.7778pt too wide) in paragraph at lines 32--33
\/cmr/m/n/10 DE-
 []


Overfull \hbox (70.34737pt too wide) in paragraph at lines 32--33
\/cmr/m/n/10 MOGR[]AFICOS
 []


Overfull \hbox (29.72229pt too wide) in paragraph at lines 32--33
\/cmr/m/n/10 AL[]EM
 []


Overfull \hbox (14.44447pt too wide) in paragraph at lines 32--33
\/cmr/m/n/10 DE
 []


Overfull \hbox (40.41673pt too wide) in paragraph at lines 32--33
\/cmr/m/n/10 DEIXAR
 []


Overfull \hbox (14.44447pt too wide) in paragraph at lines 32--33
\/cmr/m/n/10 DE
 []


Overfull \hbox (29.16673pt too wide) in paragraph at lines 32--33
\/cmr/m/n/10 LADO
 []


Overfull \hbox (7.50002pt too wide) in paragraph at lines 32--33
\/cmr/m/n/10 A
 []


Overfull \hbox (17.7778pt too wide) in paragraph at lines 32--33
\/cmr/m/n/10 DE-
 []


Overfull \hbox (39.02785pt too wide) in paragraph at lines 32--33
\/cmr/m/n/10 MANDA
 []


Overfull \hbox (21.94449pt too wide) in paragraph at lines 32--33
\/cmr/m/n/10 POR
 []


Overfull \hbox (44.02788pt too wide) in paragraph at lines 32--33
\/cmr/m/n/10 IM[]OVEIS
 []


Overfull \hbox (21.94449pt too wide) in paragraph at lines 32--33
\/cmr/m/n/10 POR
 []


Overfull \hbox (41.11119pt too wide) in paragraph at lines 32--33
\/cmr/m/n/10 RAZ[]OES
 []


Overfull \hbox (15.69447pt too wide) in paragraph at lines 32--33
\/cmr/m/n/10 ES-
 []


Overfull \hbox (24.1667pt too wide) in paragraph at lines 32--33
\/cmr/m/n/10 PEC-
 []


Overfull \hbox (10.83334pt too wide) in paragraph at lines 32--33
\/cmr/m/n/10 U-
 []


Overfull \hbox (17.08336pt too wide) in paragraph at lines 32--33
\/cmr/m/n/10 LA-
 []


Overfull \hbox (14.16667pt too wide) in paragraph at lines 32--33
\/cmr/m/n/10 TI-
 []


Overfull \hbox (22.22226pt too wide) in paragraph at lines 32--33
\/cmr/m/n/10 VAS.
 []


Overfull \hbox (31.94452pt too wide) in paragraph at lines 32--33
\/cmr/m/n/10 COMO
 []


Overfull \hbox (27.22227pt too wide) in paragraph at lines 32--33
\/cmr/m/n/10 SER[]A
 []


Overfull \hbox (25.5556pt too wide) in paragraph at lines 32--33
\/cmr/m/n/10 MEL-
 []


Overfull \hbox (22.63893pt too wide) in paragraph at lines 32--33
\/cmr/m/n/10 HOR
 []


Overfull \hbox (20.13892pt too wide) in paragraph at lines 32--33
\/cmr/m/n/10 DIS-
 []


Overfull \hbox (18.05557pt too wide) in paragraph at lines 32--33
\/cmr/m/n/10 CU-
 []


Overfull \hbox (26.25005pt too wide) in paragraph at lines 32--33
\/cmr/m/n/10 TIDO
 []


Overfull \hbox (15.27782pt too wide) in paragraph at lines 32--33
\/cmr/m/n/10 NO
 []


Overfull \hbox (53.88899pt too wide) in paragraph at lines 32--33
\/cmr/m/n/10 CAP[]ITULO
 []


Overfull \hbox (55.6251pt too wide) in paragraph at lines 32--33
\/cmr/m/n/10 SEGUINTE,
 []


Overfull \hbox (7.50002pt too wide) in paragraph at lines 32--33
\/cmr/m/n/10 A
 []


Overfull \hbox (68.05568pt too wide) in paragraph at lines 32--33
\/cmr/m/n/10 RELEV[]ANCIA
 []


Overfull \hbox (15.4167pt too wide) in paragraph at lines 32--33
\/cmr/m/n/10 DO
 []


Overfull \hbox (14.44446pt too wide) in paragraph at lines 32--33
\/cmr/m/n/10 IN-
 []


Overfull \hbox (23.19449pt too wide) in paragraph at lines 32--33
\/cmr/m/n/10 VES-
 []


Overfull \hbox (14.16667pt too wide) in paragraph at lines 32--33
\/cmr/m/n/10 TI-
 []


Overfull \hbox (38.4723pt too wide) in paragraph at lines 32--33
\/cmr/m/n/10 MENTO
 []


Overfull \hbox (23.05559pt too wide) in paragraph at lines 32--33
\/cmr/m/n/10 RES-
 []


Overfull \hbox (6.94444pt too wide) in paragraph at lines 32--33
\/cmr/m/n/10 I-
 []


Overfull \hbox (25.27782pt too wide) in paragraph at lines 32--33
\/cmr/m/n/10 DEN-
 []


Overfull \hbox (24.58337pt too wide) in paragraph at lines 32--33
\/cmr/m/n/10 CIAL
 []


Overfull \hbox (15.27782pt too wide) in paragraph at lines 32--33
\/cmr/m/n/10 NO
 []


Overfull \hbox (21.8056pt too wide) in paragraph at lines 32--33
\/cmr/m/n/10 EUA
 []


Overfull \hbox (12.36115pt too wide) in paragraph at lines 32--33
\/cmr/m/n/10 SE
 []


Overfull \hbox (15.13892pt too wide) in paragraph at lines 32--33
\/cmr/m/n/10 D[]A
 []


Overfull \hbox (27.36118pt too wide) in paragraph at lines 32--33
\/cmr/m/n/10 PELA
 []


Overfull \hbox (52.08345pt too wide) in paragraph at lines 32--33
\/cmr/m/n/10 CONEX[]AO
 []


Overfull \hbox (34.02785pt too wide) in paragraph at lines 32--33
\/cmr/m/n/10 DESTE
 []


Overfull \hbox (35.90285pt too wide) in paragraph at lines 32--33
\/cmr/m/n/10 GASTO
 []


Overfull \hbox (24.16672pt too wide) in paragraph at lines 32--33
\/cmr/m/n/10 COM
 []


Overfull \hbox (7.50002pt too wide) in paragraph at lines 32--33
\/cmr/m/n/10 A
 []


Overfull \hbox (63.33347pt too wide) in paragraph at lines 32--33
\/cmr/m/n/10 AMPLIA[][]AO
 []


Overfull \hbox (15.4167pt too wide) in paragraph at lines 32--33
\/cmr/m/n/10 DO
 []


Overfull \hbox (18.33336pt too wide) in paragraph at lines 32--33
\/cmr/m/n/10 CO-
 []


Overfull \hbox (23.47224pt too wide) in paragraph at lines 32--33
\/cmr/m/n/10 LAT-
 []


Overfull \hbox (27.91672pt too wide) in paragraph at lines 32--33
\/cmr/m/n/10 ERAL
 []


Overfull \hbox (6.80557pt too wide) in paragraph at lines 32--33
\/cmr/m/n/10 E
 []


Overfull \hbox (23.47227pt too wide) in paragraph at lines 32--33
\/cmr/m/n/10 SUB-
 []


Overfull \hbox (15.69447pt too wide) in paragraph at lines 32--33
\/cmr/m/n/10 SE-
 []


Overfull \hbox (43.6112pt too wide) in paragraph at lines 32--33
\/cmr/m/n/10 QUENTE
 []


Overfull \hbox (56.2501pt too wide) in paragraph at lines 32--33
\/cmr/m/n/10 ELEVA[][]AO
 []


Overfull \hbox (15.4167pt too wide) in paragraph at lines 32--33
\/cmr/m/n/10 DO
 []


Overfull \hbox (17.63892pt too wide) in paragraph at lines 32--33
\/cmr/m/n/10 EN-
 []


Overfull \hbox (14.58334pt too wide) in paragraph at lines 32--33
\/cmr/m/n/10 DI-
 []


Overfull \hbox (14.44446pt too wide) in paragraph at lines 32--33
\/cmr/m/n/10 VI-
 []


Overfull \hbox (18.19446pt too wide) in paragraph at lines 32--33
\/cmr/m/n/10 DA-
 []


Overfull \hbox (98.75023pt too wide) in paragraph at lines 32--33
\/cmr/m/n/10 MENTO/CONSUMO.
 []


Overfull \hbox (24.16672pt too wide) in paragraph at lines 32--33
\/cmr/m/n/10 UMA
 []


Overfull \hbox (20.4167pt too wide) in paragraph at lines 32--33
\/cmr/m/n/10 VEZ
 []


Overfull \hbox (22.08339pt too wide) in paragraph at lines 32--33
\/cmr/m/n/10 QUE
 []


Overfull \hbox (26.38895pt too wide) in paragraph at lines 32--33
\/cmr/m/n/10 ESTE
 []


Overfull \hbox (53.88899pt too wide) in paragraph at lines 32--33
\/cmr/m/n/10 CAP[]ITULO
 []


Overfull \hbox (6.80557pt too wide) in paragraph at lines 32--33
[]\/cmr/m/n/10 E
 []


Overfull \hbox (14.44447pt too wide) in paragraph at lines 32--33
\/cmr/m/n/10 DE
 []


Overfull \hbox (29.16672pt too wide) in paragraph at lines 32--33
\/cmr/m/n/10 TEOR
 []


Overfull \hbox (50.55565pt too wide) in paragraph at lines 32--33
\/cmr/m/n/10 TE[]ORICO,
 []


Overfull \hbox (60.27788pt too wide) in paragraph at lines 32--33
\/cmr/m/n/10 PRETENDE-
 []


Overfull \hbox (12.36115pt too wide) in paragraph at lines 32--33
\/cmr/m/n/10 SE
 []


Overfull \hbox (20.13892pt too wide) in paragraph at lines 32--33
\/cmr/m/n/10 DIS-
 []


Overfull \hbox (18.05557pt too wide) in paragraph at lines 32--33
\/cmr/m/n/10 CU-
 []


Overfull \hbox (18.19446pt too wide) in paragraph at lines 32--33
\/cmr/m/n/10 TIR
 []


Overfull \hbox (31.94452pt too wide) in paragraph at lines 32--33
\/cmr/m/n/10 COMO
 []


Overfull \hbox (14.44446pt too wide) in paragraph at lines 32--33
\/cmr/m/n/10 IN-
 []


Overfull \hbox (31.94449pt too wide) in paragraph at lines 32--33
\/cmr/m/n/10 CLUIR
 []


Overfull \hbox (20.13892pt too wide) in paragraph at lines 32--33
\/cmr/m/n/10 TAL
 []


Overfull \hbox (27.50005pt too wide) in paragraph at lines 32--33
\/cmr/m/n/10 COM-
 []


Overfull \hbox (17.9167pt too wide) in paragraph at lines 32--33
\/cmr/m/n/10 PO-
 []


Overfull \hbox (35.8334pt too wide) in paragraph at lines 32--33
\/cmr/m/n/10 NENTE
 []


Overfull \hbox (14.86113pt too wide) in paragraph at lines 32--33
\/cmr/m/n/10 DA
 []


Overfull \hbox (17.7778pt too wide) in paragraph at lines 32--33
\/cmr/m/n/10 DE-
 []


Overfull \hbox (39.02785pt too wide) in paragraph at lines 32--33
\/cmr/m/n/10 MANDA
 []


Overfull \hbox (32.56947pt too wide) in paragraph at lines 32--33
\/cmr/m/n/10 AGRE-
 []


Overfull \hbox (30.20837pt too wide) in paragraph at lines 32--33
\/cmr/m/n/10 GADA
 []


Overfull \hbox (21.52783pt too wide) in paragraph at lines 32--33
\/cmr/m/n/10 SEM
 []


Overfull \hbox (25.83337pt too wide) in paragraph at lines 32--33
\/cmr/m/n/10 CON-
 []


Overfull \hbox (28.47227pt too wide) in paragraph at lines 32--33
\/cmr/m/n/10 FIN[]A-
 []


Overfull \hbox (14.02782pt too wide) in paragraph at lines 32--33
\/cmr/m/n/10 LO
 []


Overfull \hbox (7.50002pt too wide) in paragraph at lines 32--33
\/cmr/m/n/10 A
 []


Overfull \hbox (16.6667pt too wide) in paragraph at lines 32--33
\/cmr/m/n/10 UM
 []


Overfull \hbox (28.05562pt too wide) in paragraph at lines 32--33
\/cmr/m/n/10 CASO
 []


Overfull \hbox (15.69447pt too wide) in paragraph at lines 32--33
\/cmr/m/n/10 ES-
 []


Overfull \hbox (52.36122pt too wide) in paragraph at lines 32--33
\/cmr/m/n/10 PEC[]IFICO. 
 []


Overfull \hbox (3.33333pt too wide) in paragraph at lines 34--36
[]\/cmr/m/n/10 -
 []


Overfull \hbox (7.50002pt too wide) in paragraph at lines 34--36
\/cmr/m/n/10 A
 []


Overfull \hbox (18.05557pt too wide) in paragraph at lines 34--36
\/cmr/m/n/10 AU-
 []


Overfull \hbox (33.61118pt too wide) in paragraph at lines 34--36
\/cmr/m/n/10 TONO-
 []


Overfull \hbox (20.27782pt too wide) in paragraph at lines 34--36
\/cmr/m/n/10 MIA
 []


Overfull \hbox (34.02785pt too wide) in paragraph at lines 34--36
\/cmr/m/n/10 DESTE
 []


Overfull \hbox (35.90285pt too wide) in paragraph at lines 34--36
\/cmr/m/n/10 GASTO
 []


Overfull \hbox (22.77783pt too wide) in paragraph at lines 34--36
\/cmr/m/n/10 N[]AO
 []


Overfull \hbox (12.36115pt too wide) in paragraph at lines 34--36
\/cmr/m/n/10 SE
 []


Overfull \hbox (17.50002pt too wide) in paragraph at lines 34--36
\/cmr/m/n/10 RE-
 []


Overfull \hbox (45.90285pt too wide) in paragraph at lines 34--36
\/cmr/m/n/10 STRINGE
 []


Overfull \hbox (15.00003pt too wide) in paragraph at lines 34--36
\/cmr/m/n/10 AO
 []


Overfull \hbox (41.11116pt too wide) in paragraph at lines 34--36
\/cmr/m/n/10 CRESCI-
 []


Overfull \hbox (38.4723pt too wide) in paragraph at lines 34--36
\/cmr/m/n/10 MENTO
 []


Overfull \hbox (24.72227pt too wide) in paragraph at lines 34--36
\/cmr/m/n/10 POP-
 []


Overfull \hbox (10.83334pt too wide) in paragraph at lines 34--36
\/cmr/m/n/10 U-
 []


Overfull \hbox (17.08336pt too wide) in paragraph at lines 34--36
\/cmr/m/n/10 LA-
 []


Overfull \hbox (42.63898pt too wide) in paragraph at lines 34--36
\/cmr/m/n/10 CIONAL.
 []


Overfull \hbox (3.33333pt too wide) in paragraph at lines 34--36
\/cmr/m/n/10 -
 []


Overfull \hbox (14.44446pt too wide) in paragraph at lines 34--36
\/cmr/m/n/10 IN-
 []


Overfull \hbox (41.80565pt too wide) in paragraph at lines 34--36
\/cmr/m/n/10 CLUS[]AO
 []


Overfull \hbox (14.44447pt too wide) in paragraph at lines 34--36
\/cmr/m/n/10 DE
 []


Overfull \hbox (16.38892pt too wide) in paragraph at lines 34--36
\/cmr/m/n/10 EL-
 []


Overfull \hbox (10.1389pt too wide) in paragraph at lines 34--36
\/cmr/m/n/10 E-
 []


Overfull \hbox (26.8056pt too wide) in paragraph at lines 34--36
\/cmr/m/n/10 MEN-
 []


Overfull \hbox (20.5556pt too wide) in paragraph at lines 34--36
\/cmr/m/n/10 TOS
 []


Overfull \hbox (14.86113pt too wide) in paragraph at lines 34--36
\/cmr/m/n/10 DA
 []


Overfull \hbox (41.52785pt too wide) in paragraph at lines 34--36
\/cmr/m/n/10 OFERTA
 []


Overfull \hbox (14.44447pt too wide) in paragraph at lines 34--36
\/cmr/m/n/10 DE
 []


Overfull \hbox (25.41669pt too wide) in paragraph at lines 34--36
\/cmr/m/n/10 TRA-
 []


Overfull \hbox (36.1112pt too wide) in paragraph at lines 34--36
\/cmr/m/n/10 BALHO
 []


Overfull \hbox (22.77783pt too wide) in paragraph at lines 34--36
\/cmr/m/n/10 N[]AO
 []


Overfull \hbox (17.9167pt too wide) in paragraph at lines 34--36
\/cmr/m/n/10 PO-
 []


Overfull \hbox (23.61116pt too wide) in paragraph at lines 34--36
\/cmr/m/n/10 DEM
 []


Overfull \hbox (19.72226pt too wide) in paragraph at lines 34--36
\/cmr/m/n/10 SER
 []


Overfull \hbox (17.7778pt too wide) in paragraph at lines 34--36
\/cmr/m/n/10 DE-
 []


Overfull \hbox (21.94449pt too wide) in paragraph at lines 34--36
\/cmr/m/n/10 SAS-
 []


Overfull \hbox (16.6667pt too wide) in paragraph at lines 34--36
\/cmr/m/n/10 SO-
 []


Overfull \hbox (14.16667pt too wide) in paragraph at lines 34--36
\/cmr/m/n/10 CI-
 []


Overfull \hbox (10.83334pt too wide) in paragraph at lines 34--36
\/cmr/m/n/10 A-
 []


Overfull \hbox (20.97227pt too wide) in paragraph at lines 34--36
\/cmr/m/n/10 DOS
 []


Overfull \hbox (14.44447pt too wide) in paragraph at lines 34--36
\/cmr/m/n/10 DE
 []


Overfull \hbox (24.16672pt too wide) in paragraph at lines 34--36
\/cmr/m/n/10 UMA
 []


Overfull \hbox (20.13892pt too wide) in paragraph at lines 34--36
\/cmr/m/n/10 DIS-
 []


Overfull \hbox (41.1112pt too wide) in paragraph at lines 34--36
\/cmr/m/n/10 CUSS[]AO
 []


Overfull \hbox (16.6667pt too wide) in paragraph at lines 34--36
\/cmr/m/n/10 SO-
 []


Overfull \hbox (21.25005pt too wide) in paragraph at lines 34--36
\/cmr/m/n/10 BRE
 []


Overfull \hbox (52.63898pt too wide) in paragraph at lines 34--36
\/cmr/m/n/10 T[]ECNICAS
 []


Overfull \hbox (25.00003pt too wide) in paragraph at lines 34--36
\/cmr/m/n/10 PRO-
 []


Overfull \hbox (18.47224pt too wide) in paragraph at lines 34--36
\/cmr/m/n/10 DU-
 []


Overfull \hbox (14.16667pt too wide) in paragraph at lines 34--36
\/cmr/m/n/10 TI-
 []


Overfull \hbox (19.44447pt too wide) in paragraph at lines 34--36
\/cmr/m/n/10 VAS
 []


Overfull \hbox (14.44447pt too wide) in paragraph at lines 34--36
\/cmr/m/n/10 DE
 []


Overfull \hbox (32.36119pt too wide) in paragraph at lines 34--36
\/cmr/m/n/10 MODO
 []


Overfull \hbox (22.08339pt too wide) in paragraph at lines 34--36
\/cmr/m/n/10 QUE
 []


Overfull \hbox (25.83337pt too wide) in paragraph at lines 34--36
\/cmr/m/n/10 OUT-
 []


Overfull \hbox (20.4167pt too wide) in paragraph at lines 34--36
\/cmr/m/n/10 RAS
 []


Overfull \hbox (55.00014pt too wide) in paragraph at lines 34--36
\/cmr/m/n/10 QUEST[]OES
 []


Overfull \hbox (43.9584pt too wide) in paragraph at lines 34--36
\/cmr/m/n/10 SURGEM 
 []


Overfull \hbox (43.88898pt too wide) in paragraph at lines 37--38
[]\/cmr/m/n/10 NIKALDI 
 []


Overfull \hbox (63.61124pt too wide) in paragraph at lines 39--40
[]\/cmr/m/n/10 RESPONDER
 []


Overfull \hbox (35.27785pt too wide) in paragraph at lines 39--40
\/cmr/m/n/10 SKOTT 
 []

)
! Emergency stop.
<*> I_Residencial.tex
                     
*** (job aborted, no legal \end found)

 
Here is how much of TeX's memory you used:
 40 strings out of 492609
 468 string characters out of 6129033
 72548 words of memory out of 5000000
 4058 multiletter control sequences out of 15000+600000
 4294 words of font info for 16 fonts, out of 8000000 for 9000
 1141 hyphenation exceptions out of 8191
 24i,6n,22p,686b,171s stack positions out of 5000i,500n,10000p,200000b,80000s
!  ==> Fatal error occurred, no output PDF file produced!
