This is pdfTeX, Version 3.14159265-2.6-1.40.19 (TeX Live 2018) (preloaded format=pdflatex 2019.5.2)  2 MAY 2019 20:51
entering extended mode
 restricted \write18 enabled.
 %&-line parsing enabled.
**Main_Dissertacao.tex
(./Main_Dissertacao.tex
LaTeX2e <2018-12-01>
(./abntex2.cls
Document Class: abntex2 <CURRENT_DATE> v<VERSION> abnTeX2
(/home/gpetrini/.TinyTeX/texmf-dist/tex/latex/base/ifthen.sty
Package: ifthen 2014/09/29 v1.1c Standard LaTeX ifthen package (DPC)
)

! LaTeX Error: File `memoir.cls' not found.

Type X to quit or <RETURN> to proceed,
or enter new name. (Default extension: cls)

Enter file name: 
! Emergency stop.
<read *> 
         
l.82 ^^M
        
*** (cannot \read from terminal in nonstop modes)

 
Here is how much of TeX's memory you used:
 103 strings out of 494542
 1644 string characters out of 6176251
 54780 words of memory out of 5000000
 3861 multiletter control sequences out of 15000+600000
 3640 words of font info for 14 fonts, out of 8000000 for 9000
 16 hyphenation exceptions out of 8191
 19i,0n,22p,199b,9s stack positions out of 5000i,500n,10000p,200000b,80000s
!  ==> Fatal error occurred, no output PDF file produced!
